1619538823135	geckodriver	INFO	Listening on 127.0.0.1:60932
1619538826162	mozrunner::runner	INFO	Running command: "C:\\Program Files\\Mozilla Firefox\\firefox.exe" "--marionette" "-foreground" "-no-remote" "-profile" "C:\\Users\\rikif\\AppData\\Local\\Temp\\rust_mozprofile1vJvVp"
1619538827283	Marionette	INFO	Marionette enabled
console.warn: SearchSettings: "get: No settings file exists, new profile?" (new Error("", "(unknown module)"))
1619538835595	Marionette	INFO	Listening on port 60941
1619538835937	Marionette	WARN	TLS certificate errors will be ignored for this session
1619538895488	Marionette	WARN	TimedPromise timed out after 500 ms: stacktrace:
TimedPromise/<@chrome://marionette/content/sync.js:237:19
TimedPromise@chrome://marionette/content/sync.js:222:10
interaction.flushEventLoop@chrome://marionette/content/interaction.js:431:10
webdriverClickElement@chrome://marionette/content/interaction.js:179:31
1619538901657	Marionette	WARN	Ignoring event 'DOMContentLoaded' because document has an invalid readyState of 'complete'.
1619538909948	Marionette	WARN	Ignoring event 'DOMContentLoaded' because document has an invalid readyState of 'complete'.
1619538944899	Marionette	INFO	Stopped listening on port 60941

###!!! [Child][RunMessage] Error: Channel closing: too late to send/recv, messages will be lost

1619539051610	geckodriver	INFO	Listening on 127.0.0.1:61235
1619539054659	mozrunner::runner	INFO	Running command: "C:\\Program Files\\Mozilla Firefox\\firefox.exe" "--marionette" "-foreground" "-no-remote" "-profile" "C:\\Users\\rikif\\AppData\\Local\\Temp\\rust_mozprofileRKuj6j"
1619539055789	Marionette	INFO	Marionette enabled
console.warn: SearchSettings: "get: No settings file exists, new profile?" (new Error("", "(unknown module)"))
1619539064141	Marionette	INFO	Listening on port 61244
1619539064320	Marionette	WARN	TLS certificate errors will be ignored for this session
1619539166859	Marionette	INFO	Stopped listening on port 61244

###!!! [Child][RunMessage] Error: Channel closing: too late to send/recv, messages will be lost

1619539175422	geckodriver	INFO	Listening on 127.0.0.1:61388
1619539178432	mozrunner::runner	INFO	Running command: "C:\\Program Files\\Mozilla Firefox\\firefox.exe" "--marionette" "-foreground" "-no-remote" "-profile" "C:\\Users\\rikif\\AppData\\Local\\Temp\\rust_mozprofilejhmOMg"
1619539179269	Marionette	INFO	Marionette enabled
console.warn: SearchSettings: "get: No settings file exists, new profile?" (new Error("", "(unknown module)"))
1619539188380	Marionette	INFO	Listening on port 61397
1619539188563	Marionette	WARN	TLS certificate errors will be ignored for this session
1619539227452	Marionette	WARN	Ignoring event 'DOMContentLoaded' because document has an invalid readyState of 'complete'.
1619539236331	Marionette	WARN	Ignoring event 'DOMContentLoaded' because document has an invalid readyState of 'complete'.
1619539256165	Marionette	WARN	Ignoring event 'DOMContentLoaded' because document has an invalid readyState of 'complete'.
JavaScript error: , line 0: NS_ERROR_NOT_AVAILABLE
1619545477513	Marionette	INFO	Stopped listening on port 61397
1619621527317	geckodriver	INFO	Listening on 127.0.0.1:64965
1619621530387	mozrunner::runner	INFO	Running command: "C:\\Program Files\\Mozilla Firefox\\firefox.exe" "--marionette" "-foreground" "-no-remote" "-profile" "C:\\Users\\rikif\\AppData\\Local\\Temp\\rust_mozprofilenQdpes"
1619621531888	Marionette	INFO	Marionette enabled
console.warn: SearchSettings: "get: No settings file exists, new profile?" (new Error("", "(unknown module)"))
1619621540310	Marionette	INFO	Listening on port 64975
1619621540899	Marionette	WARN	TLS certificate errors will be ignored for this session
JavaScript error: chrome://marionette/content/driver.js, line 2346: NS_ERROR_FAILURE: Component returned failure code: 0x80004005 (NS_ERROR_FAILURE) [nsIObserverService.removeObserver]
1619621541365	Marionette	INFO	Stopped listening on port 64975

###!!! [Child][RunMessage] Error: Channel closing: too late to send/recv, messages will be lost

1619622841963	geckodriver	INFO	Listening on 127.0.0.1:49179
1619622845061	mozrunner::runner	INFO	Running command: "C:\\Program Files\\Mozilla Firefox\\firefox.exe" "--marionette" "-foreground" "-no-remote" "-profile" "C:\\Users\\rikif\\AppData\\Local\\Temp\\rust_mozprofileaiuoQi"
1619622846024	Marionette	INFO	Marionette enabled
console.warn: SearchSettings: "get: No settings file exists, new profile?" (new Error("", "(unknown module)"))
1619622852801	Marionette	INFO	Listening on port 49188
1619622853080	Marionette	WARN	TLS certificate errors will be ignored for this session
1619622974141	Marionette	WARN	Ignoring event 'DOMContentLoaded' because document has an invalid readyState of 'complete'.
1619622985227	Marionette	WARN	Ignoring event 'DOMContentLoaded' because document has an invalid readyState of 'complete'.
1619623252925	Marionette	INFO	Stopped listening on port 49188

###!!! [Child][RunMessage] Error: Channel closing: too late to send/recv, messages will be lost

1619623852080	geckodriver	INFO	Listening on 127.0.0.1:49906
1619623855101	mozrunner::runner	INFO	Running command: "C:\\Program Files\\Mozilla Firefox\\firefox.exe" "--marionette" "-foreground" "-no-remote" "-profile" "C:\\Users\\rikif\\AppData\\Local\\Temp\\rust_mozprofile0CmaXp"
1619623855711	Marionette	INFO	Marionette enabled
console.warn: SearchSettings: "get: No settings file exists, new profile?" (new Error("", "(unknown module)"))
1619623862853	Marionette	INFO	Listening on port 49914
1619623863106	Marionette	WARN	TLS certificate errors will be ignored for this session
JavaScript error: , line 0: NetworkError: A network error occurred.
1619623921963	Marionette	WARN	Ignoring event 'DOMContentLoaded' because document has an invalid readyState of 'complete'.
1619623959629	Marionette	WARN	Ignoring event 'DOMContentLoaded' because document has an invalid readyState of 'complete'.
